app/build/intermediates/manifest_merge_blame_file/debug/manifest-merger-blame-debug-report.txt
1<?xml version="1.0" encoding="utf-8"?>
2<manifest xmlns:android="http://schemas.android.com/apk/res/android"
3    package="com.example.github"
4    android:versionCode="1"
5    android:versionName="1.0" >
6
7    <uses-sdk
8        android:minSdkVersion="16"
8-->src\main\AndroidManifest.xml
9        android:targetSdkVersion="29" />
9-->src\main\AndroidManifest.xml
10
11    <uses-permission android:name="android.permission.INTERNET" />
11-->src\main\AndroidManifest.xml:6:5-67
11-->src\main\AndroidManifest.xml:6:22-64
12
13    <application
13-->src\main\AndroidManifest.xml:8:5-36:19
14        android:allowBackup="true"
14-->src\main\AndroidManifest.xml:9:9-35
15        android:appComponentFactory="androidx.core.app.CoreComponentFactory"
15-->[androidx.core:core:1.2.0] AndroidManifest.xml:24:18-86
16        android:debuggable="true"
17        android:icon="@mipmap/ic_launcher"
17-->src\main\AndroidManifest.xml:10:9-43
18        android:label="@string/app_name"
18-->src\main\AndroidManifest.xml:11:9-41
19        android:roundIcon="@mipmap/ic_launcher_round"
19-->src\main\AndroidManifest.xml:12:9-54
20        android:supportsRtl="true"
20-->src\main\AndroidManifest.xml:13:9-35
21        android:testOnly="true"
22        android:theme="@style/AppTheme" >
22-->src\main\AndroidManifest.xml:14:9-40
23        <activity android:name="com.example.github.ui.activites.AutoresActivity" />
23-->src\main\AndroidManifest.xml:15:9-75
23-->src\main\AndroidManifest.xml:15:19-63
24        <activity android:name="com.example.github.ui.activites.LoginActivity" >
24-->src\main\AndroidManifest.xml:16:9-32:20
24-->src\main\AndroidManifest.xml:16:19-61
25            <intent-filter>
25-->src\main\AndroidManifest.xml:17:13-21:29
26                <action android:name="android.intent.action.MAIN" />
26-->src\main\AndroidManifest.xml:18:17-69
26-->src\main\AndroidManifest.xml:18:25-66
27
28                <category android:name="android.intent.category.LAUNCHER" />
28-->src\main\AndroidManifest.xml:20:17-77
28-->src\main\AndroidManifest.xml:20:27-74
29            </intent-filter>
30            <intent-filter>
30-->src\main\AndroidManifest.xml:22:13-31:29
31                <action android:name="android.intent.action.VIEW" />
31-->src\main\AndroidManifest.xml:23:17-69
31-->src\main\AndroidManifest.xml:23:25-66
32
33                <category android:name="android.intent.category.DEFAULT" />
33-->src\main\AndroidManifest.xml:25:17-76
33-->src\main\AndroidManifest.xml:25:27-73
34                <category android:name="android.intent.category.BROWSABLE" />
34-->src\main\AndroidManifest.xml:26:17-78
34-->src\main\AndroidManifest.xml:26:27-75
35
36                <data
36-->src\main\AndroidManifest.xml:28:17-30:47
37                    android:host="callback"
37-->src\main\AndroidManifest.xml:29:21-44
38                    android:scheme="github" />
38-->src\main\AndroidManifest.xml:30:21-44
39            </intent-filter>
40        </activity>
41        <activity android:name="com.example.github.ui.activites.AutorActivity" />
41-->src\main\AndroidManifest.xml:33:9-64
41-->src\main\AndroidManifest.xml:33:19-61
42        <activity android:name="com.example.github.ui.activites.RepositorioActivity" />
42-->src\main\AndroidManifest.xml:34:9-70
42-->src\main\AndroidManifest.xml:34:19-67
43        <activity android:name="com.example.github.ui.activites.RepositoriosActivity" />
43-->src\main\AndroidManifest.xml:35:9-71
43-->src\main\AndroidManifest.xml:35:19-68
44    </application>
45
46</manifest>